2021-03-27 00:18:41,476 [DEBUG] [main] [org.jboss.logging] .<clinit>(38) | Logging Provider: org.jboss.logging.Log4jLoggerProvider
2021-03-27 00:30:53,831 [DEBUG] [main] [org.jboss.logging] .<clinit>(38) | Logging Provider: org.jboss.logging.Log4jLoggerProvider
2021-03-27 00:31:39,225 [DEBUG] [main] [org.jboss.logging] .<clinit>(38) | Logging Provider: org.jboss.logging.Log4jLoggerProvider
2021-03-27 00:31:56,785 [WARN] [main] [org.hibernate.engine.jdbc.spi.SqlExceptionHelper] .logExceptions(137) | SQL Error: 50000, SQLState: HY000
2021-03-27 00:31:56,790 [ERROR] [main] [org.hibernate.engine.jdbc.spi.SqlExceptionHelper] .logExceptions(142) | General error: "java.lang.StackOverflowError"; SQL statement:
runscript from 'classpath:ddl_create_db_h2.sql' [50000-200]
2021-03-27 00:43:37,529 [DEBUG] [main] [org.jboss.logging] .<clinit>(38) | Logging Provider: org.jboss.logging.Log4jLoggerProvider
2021-03-27 00:46:03,565 [DEBUG] [main] [org.jboss.logging] .<clinit>(38) | Logging Provider: org.jboss.logging.Log4jLoggerProvider
2021-03-27 00:48:43,887 [DEBUG] [main] [org.jboss.logging] .<clinit>(38) | Logging Provider: org.jboss.logging.Log4jLoggerProvider
2021-03-27 00:57:44,430 [DEBUG] [main] [org.jboss.logging] .<clinit>(38) | Logging Provider: org.jboss.logging.Log4jLoggerProvider
2021-03-27 01:08:14,586 [DEBUG] [main] [org.jboss.logging] .<clinit>(38) | Logging Provider: org.jboss.logging.Log4jLoggerProvider
2021-03-27 01:10:28,329 [DEBUG] [main] [org.jboss.logging] .<clinit>(38) | Logging Provider: org.jboss.logging.Log4jLoggerProvider
2021-03-27 01:10:54,182 [DEBUG] [main] [org.jboss.logging] .<clinit>(38) | Logging Provider: org.jboss.logging.Log4jLoggerProvider
2021-03-27 01:11:12,238 [WARN] [main] [org.hibernate.engine.jdbc.spi.SqlExceptionHelper] .logExceptions(137) | SQL Error: 50000, SQLState: HY000
2021-03-27 01:11:12,258 [ERROR] [main] [org.hibernate.engine.jdbc.spi.SqlExceptionHelper] .logExceptions(142) | General error: "java.lang.StackOverflowError"; SQL statement:
runscript from 'classpath:ddl_create_db_h2.sql' [50000-200]
2021-03-27 01:19:09,308 [DEBUG] [main] [org.jboss.logging] .<clinit>(38) | Logging Provider: org.jboss.logging.Log4jLoggerProvider
2021-03-27 01:25:02,520 [DEBUG] [main] [org.jboss.logging] .<clinit>(38) | Logging Provider: org.jboss.logging.Log4jLoggerProvider
2021-03-27 01:29:03,548 [DEBUG] [main] [org.jboss.logging] .<clinit>(38) | Logging Provider: org.jboss.logging.Log4jLoggerProvider
2021-03-27 01:30:02,254 [DEBUG] [main] [org.jboss.logging] .<clinit>(38) | Logging Provider: org.jboss.logging.Log4jLoggerProvider
2021-03-27 01:31:25,408 [DEBUG] [main] [org.jboss.logging] .<clinit>(38) | Logging Provider: org.jboss.logging.Log4jLoggerProvider
2021-03-27 01:34:14,222 [DEBUG] [main] [org.jboss.logging] .<clinit>(38) | Logging Provider: org.jboss.logging.Log4jLoggerProvider
2021-03-27 01:35:24,744 [DEBUG] [main] [org.jboss.logging] .<clinit>(38) | Logging Provider: org.jboss.logging.Log4jLoggerProvider
2021-03-27 01:36:37,516 [DEBUG] [main] [org.jboss.logging] .<clinit>(38) | Logging Provider: org.jboss.logging.Log4jLoggerProvider
2021-03-27 01:38:13,502 [DEBUG] [main] [org.jboss.logging] .<clinit>(38) | Logging Provider: org.jboss.logging.Log4jLoggerProvider
2021-03-27 01:39:07,529 [DEBUG] [main] [org.jboss.logging] .<clinit>(38) | Logging Provider: org.jboss.logging.Log4jLoggerProvider
2021-03-27 01:40:56,861 [DEBUG] [main] [org.jboss.logging] .<clinit>(38) | Logging Provider: org.jboss.logging.Log4jLoggerProvider
2021-03-27 01:44:40,894 [DEBUG] [main] [org.jboss.logging] .<clinit>(38) | Logging Provider: org.jboss.logging.Log4jLoggerProvider
2021-03-27 01:45:20,771 [DEBUG] [main] [org.jboss.logging] .<clinit>(38) | Logging Provider: org.jboss.logging.Log4jLoggerProvider
2021-03-27 01:45:27,556 [WARN] [main] [org.hibernate.engine.jdbc.spi.SqlExceptionHelper] .logExceptions(137) | SQL Error: 23503, SQLState: 23503
2021-03-27 01:45:27,557 [ERROR] [main] [org.hibernate.engine.jdbc.spi.SqlExceptionHelper] .logExceptions(142) | Referential integrity constraint violation: "FKQYFQ6EKNB34GRAQQBTSDELKBG: PUBLIC.SUBSCRIPTIONS FOREIGN KEY(COURSE_ID) REFERENCES PUBLIC.COURSE(ID) (209)"; SQL statement:
delete from COURSE where ID=? [23503-200]
2021-03-27 01:46:55,744 [DEBUG] [main] [org.jboss.logging] .<clinit>(38) | Logging Provider: org.jboss.logging.Log4jLoggerProvider
2021-03-27 01:48:09,442 [DEBUG] [main] [org.jboss.logging] .<clinit>(38) | Logging Provider: org.jboss.logging.Log4jLoggerProvider
2021-03-27 01:48:16,400 [WARN] [main] [org.hibernate.engine.jdbc.spi.SqlExceptionHelper] .logExceptions(137) | SQL Error: 23503, SQLState: 23503
2021-03-27 01:48:16,401 [ERROR] [main] [org.hibernate.engine.jdbc.spi.SqlExceptionHelper] .logExceptions(142) | Referential integrity constraint violation: "FKQYFQ6EKNB34GRAQQBTSDELKBG: PUBLIC.SUBSCRIPTIONS FOREIGN KEY(COURSE_ID) REFERENCES PUBLIC.COURSE(ID) (209)"; SQL statement:
delete from COURSE where ID=? [23503-200]
2021-03-27 01:48:44,213 [DEBUG] [main] [org.jboss.logging] .<clinit>(38) | Logging Provider: org.jboss.logging.Log4jLoggerProvider
2021-03-27 01:49:19,238 [DEBUG] [main] [org.jboss.logging] .<clinit>(38) | Logging Provider: org.jboss.logging.Log4jLoggerProvider
2021-03-27 01:49:26,292 [WARN] [main] [org.hibernate.engine.jdbc.spi.SqlExceptionHelper] .logExceptions(137) | SQL Error: 23503, SQLState: 23503
2021-03-27 01:49:26,293 [ERROR] [main] [org.hibernate.engine.jdbc.spi.SqlExceptionHelper] .logExceptions(142) | Referential integrity constraint violation: "FKQYFQ6EKNB34GRAQQBTSDELKBG: PUBLIC.SUBSCRIPTIONS FOREIGN KEY(COURSE_ID) REFERENCES PUBLIC.COURSE(ID) (209)"; SQL statement:
delete from COURSE where ID=? [23503-200]
2021-03-27 01:50:23,228 [DEBUG] [main] [org.jboss.logging] .<clinit>(38) | Logging Provider: org.jboss.logging.Log4jLoggerProvider
2021-03-27 01:50:53,451 [DEBUG] [main] [org.jboss.logging] .<clinit>(38) | Logging Provider: org.jboss.logging.Log4jLoggerProvider
2021-03-27 01:52:07,692 [DEBUG] [main] [org.jboss.logging] .<clinit>(38) | Logging Provider: org.jboss.logging.Log4jLoggerProvider
2021-03-27 01:53:01,975 [DEBUG] [main] [org.jboss.logging] .<clinit>(38) | Logging Provider: org.jboss.logging.Log4jLoggerProvider
2021-03-27 01:54:04,603 [DEBUG] [main] [org.jboss.logging] .<clinit>(38) | Logging Provider: org.jboss.logging.Log4jLoggerProvider
2021-03-27 01:54:56,729 [DEBUG] [main] [org.jboss.logging] .<clinit>(38) | Logging Provider: org.jboss.logging.Log4jLoggerProvider
2021-03-27 01:55:37,562 [DEBUG] [main] [org.jboss.logging] .<clinit>(38) | Logging Provider: org.jboss.logging.Log4jLoggerProvider
2021-03-27 01:56:46,915 [DEBUG] [main] [org.jboss.logging] .<clinit>(38) | Logging Provider: org.jboss.logging.Log4jLoggerProvider
2021-03-27 01:58:51,663 [DEBUG] [main] [org.jboss.logging] .<clinit>(38) | Logging Provider: org.jboss.logging.Log4jLoggerProvider
2021-03-27 01:59:32,057 [DEBUG] [main] [org.jboss.logging] .<clinit>(38) | Logging Provider: org.jboss.logging.Log4jLoggerProvider
